Lockfile is up to date, resolution step is skipped
Progress: resolved 1, reused 0, downloaded 0, added 0
Packages: +880
++++++++++++++++++++++++++++++++++++++++++++++++++++++++++++++++++++++++++++++++

   ╭──────────────────────────────────────────╮
   │                                          │
   │   Update available! 10.28.0 → 10.29.3.   │
   │   Changelog: https://pnpm.io/v/10.29.3   │
   │     To update, run: pnpm add -g pnpm     │
   │                                          │
   ╰──────────────────────────────────────────╯

Progress: resolved 880, reused 0, downloaded 4, added 0
Progress: resolved 880, reused 0, downloaded 92, added 41
Progress: resolved 880, reused 0, downloaded 292, added 281
Progress: resolved 880, reused 0, downloaded 410, added 386
Progress: resolved 880, reused 0, downloaded 435, added 397
Progress: resolved 880, reused 0, downloaded 468, added 410
Progress: resolved 880, reused 0, downloaded 478, added 414
Progress: resolved 880, reused 0, downloaded 493, added 422
Progress: resolved 880, reused 0, downloaded 494, added 422
Progress: resolved 880, reused 0, downloaded 584, added 484
Progress: resolved 880, reused 0, downloaded 640, added 531
Progress: resolved 880, reused 0, downloaded 798, added 697
Progress: resolved 880, reused 0, downloaded 880, added 880, done

dependencies:
+ @genkit-ai/google-genai 1.28.0
+ @genkit-ai/next 1.28.0
+ @hookform/resolvers 4.1.3
+ @radix-ui/react-accordion 1.2.12
+ @radix-ui/react-alert-dialog 1.1.15
+ @radix-ui/react-avatar 1.1.11
+ @radix-ui/react-checkbox 1.3.3
+ @radix-ui/react-collapsible 1.1.12
+ @radix-ui/react-dialog 1.1.15
+ @radix-ui/react-dropdown-menu 2.1.16
+ @radix-ui/react-label 2.1.8
+ @radix-ui/react-menubar 1.1.16
+ @radix-ui/react-popover 1.1.15
+ @radix-ui/react-progress 1.1.8
+ @radix-ui/react-radio-group 1.3.8
+ @radix-ui/react-scroll-area 1.2.10
+ @radix-ui/react-select 2.2.6
+ @radix-ui/react-separator 1.1.8
+ @radix-ui/react-slider 1.3.6
+ @radix-ui/react-slot 1.2.4
+ @radix-ui/react-switch 1.2.6
+ @radix-ui/react-tabs 1.1.13
+ @radix-ui/react-toast 1.2.15
+ @radix-ui/react-tooltip 1.2.8
+ @types/uuid 10.0.0
+ class-variance-authority 0.7.1
+ clsx 2.1.1
+ date-fns 3.6.0
+ dotenv 16.6.1
+ embla-carousel-react 8.6.0
+ firebase 11.10.0
+ genkit 1.28.0
+ lucide-react 0.475.0
+ next 15.5.9
+ patch-package 8.0.1
+ react 19.2.4
+ react-day-picker 9.13.2
+ react-dom 19.2.4
+ react-globe.gl 2.37.0
+ react-hook-form 7.71.1
+ recharts 2.15.4
+ tailwind-merge 3.4.0
+ tailwindcss-animate 1.0.7
+ three 0.182.0
+ uuid 10.0.0
+ zod 3.25.76

devDependencies:
+ @types/node 20.19.33
+ @types/react 19.2.13
+ @types/react-dom 19.2.3
+ genkit-cli 1.28.0
+ postcss 8.5.6
+ tailwindcss 3.4.19
+ typescript 5.9.3

╭ Warning ─────────────────────────────────────────────────────────────────────╮
│                                                                              │
│   Ignored build scripts: @firebase/util@1.12.1, @firebase/util@1.13.0,       │
│   esbuild@0.27.3, protobufjs@7.5.4, sharp@0.34.5.                            │
│   Run "pnpm approve-builds" to pick which dependencies should be allowed     │
│   to run scripts.                                                            │
│                                                                              │
╰──────────────────────────────────────────────────────────────────────────────╯
Done in 16.3s using pnpm v10.28.0
